0 info it worked if it ends with ok
1 verbose cli [ 'D:\\nodejs\\node.exe',
1 verbose cli   'D:\\nodejs\\node_modules\\npm\\bin\\npm-cli.js',
1 verbose cli   'uninstall',
1 verbose cli   'vue-cli',
1 verbose cli   '-g' ]
2 info using npm@3.8.9
3 info using node@v6.2.0
4 silly loadCurrentTree Starting
5 silly install loadCurrentTree
6 silly install readGlobalPackageData
7 silly rollbackFailedOptional Starting
8 silly rollbackFailedOptional Finishing
9 silly runTopLevelLifecycles Starting
10 silly runTopLevelLifecycles Finishing
11 silly install printInstalled
12 verbose stack Error: ENOENT: no such file or directory, realpath 'C:\Users\czq\AppData\Roaming\npm\node_modules\vue-cli\node_modules\ansi-escapes'
12 verbose stack     at Error (native)
13 verbose cwd E:\spring cloud + vue前后端分离开发企业级在线视频课程系统\course
14 error Windows_NT 10.0.17134
15 error argv "D:\\nodejs\\node.exe" "D:\\nodejs\\node_modules\\npm\\bin\\npm-cli.js" "uninstall" "vue-cli" "-g"
16 error node v6.2.0
17 error npm  v3.8.9
18 error path C:\Users\czq\AppData\Roaming\npm\node_modules\vue-cli\node_modules\ansi-escapes
19 error code ENOENT
20 error errno -4058
21 error syscall realpath
22 error enoent ENOENT: no such file or directory, realpath 'C:\Users\czq\AppData\Roaming\npm\node_modules\vue-cli\node_modules\ansi-escapes'
23 error enoent ENOENT: no such file or directory, realpath 'C:\Users\czq\AppData\Roaming\npm\node_modules\vue-cli\node_modules\ansi-escapes'
23 error enoent This is most likely not a problem with npm itself
23 error enoent and is related to npm not being able to find a file.
24 verbose exit [ -4058, true ]
